Added Component: Designator=*1(STM-LQFP100_N)
Added Pin To Net: NetName=CTRL_CBF Pin=*1-1
Added Pin To Net: NetName=CTRL_CKF Pin=*1-2
Added Pin To Net: NetName=CTRL_FS Pin=*1-3
Added Pin To Net: NetName=CTRL_CSF Pin=*1-4
Added Pin To Net: NetName=CTRL_YSJ Pin=*1-5
Added Pin To Net: NetName=Net*1_6 Pin=*1-6
Added Pin To Net: NetName=Net*1_8 Pin=*1-8
Added Pin To Net: NetName=Net*1_9 Pin=*1-9
Added Pin To Net: NetName=DGND Pin=*1-10
Added Pin To Net: NetName=+3.3V Pin=*1-11
Added Pin To Net: NetName=Net*1_12 Pin=*1-12
Added Pin To Net: NetName=Net*1_13 Pin=*1-13
Added Pin To Net: NetName=Net*1_14 Pin=*1-14
Added Pin To Net: NetName=Ligh_ADC1 Pin=*1-15
Added Pin To Net: NetName=Ligh_ADC2 Pin=*1-16
Added Pin To Net: NetName=Ligh_ADC3 Pin=*1-17
Added Pin To Net: NetName=UV_ADC1 Pin=*1-18
Added Pin To Net: NetName=AGND Pin=*1-19
Added Pin To Net: NetName=AGND Pin=*1-20
Added Pin To Net: NetName=ADvref Pin=*1-21
Added Pin To Net: NetName=VDDA Pin=*1-22
Added Pin To Net: NetName=ADC1 Pin=*1-23
Added Pin To Net: NetName=ADC2 Pin=*1-24
Added Pin To Net: NetName=ADC3 Pin=*1-25
Added Pin To Net: NetName=DGND Pin=*1-27
Added Pin To Net: NetName=+3.3V Pin=*1-28
Added Pin To Net: NetName=Hum_ADC1 Pin=*1-29
Added Pin To Net: NetName=GS_ADC Pin=*1-30
Added Pin To Net: NetName=UV_ADC2 Pin=*1-33
Added Pin To Net: NetName=UV_ADC3 Pin=*1-34
Added Pin To Net: NetName=relay_out5 Pin=*1-35
Added Pin To Net: NetName=relay_out6 Pin=*1-36
Added Pin To Net: NetName=CTRL_F1 Pin=*1-38
Added Pin To Net: NetName=CTRL_F2 Pin=*1-39
Added Pin To Net: NetName=CTRL_F3 Pin=*1-40
Added Pin To Net: NetName=CTRL_FMQ Pin=*1-41
Added Pin To Net: NetName=RelayC4 Pin=*1-42
Added Pin To Net: NetName=relay_out1 Pin=*1-43
Added Pin To Net: NetName=relay_out2 Pin=*1-44
Added Pin To Net: NetName=relay_out3 Pin=*1-45
Added Pin To Net: NetName=relay_out4 Pin=*1-46
Added Pin To Net: NetName=DGND Pin=*1-49
Added Pin To Net: NetName=+3.3V Pin=*1-50
Added Pin To Net: NetName=CS Pin=*1-51
Added Pin To Net: NetName=CLK Pin=*1-52
Added Pin To Net: NetName=DI Pin=*1-53
Added Pin To Net: NetName=DO Pin=*1-54
Added Pin To Net: NetName=TXD3 Pin=*1-55
Added Pin To Net: NetName=RXD3 Pin=*1-56
Added Pin To Net: NetName=Input4 Pin=*1-57
Added Pin To Net: NetName=Input5 Pin=*1-58
Added Pin To Net: NetName=Error_LED Pin=*1-59
Added Pin To Net: NetName=SSR1 Pin=*1-63
Added Pin To Net: NetName=SSR2 Pin=*1-64
Added Pin To Net: NetName=SSR3 Pin=*1-65
Added Pin To Net: NetName=RS485_DE/R\E\ Pin=*1-67
Added Pin To Net: NetName=TXD1 Pin=*1-68
Added Pin To Net: NetName=RXD1 Pin=*1-69
Added Pin To Net: NetName=Net*1_72 Pin=*1-72
Added Pin To Net: NetName=DGND Pin=*1-74
Added Pin To Net: NetName=+3.3V Pin=*1-75
Added Pin To Net: NetName=Net*1_76 Pin=*1-76
Added Pin To Net: NetName=CONNE Pin=*1-81
Added Pin To Net: NetName=CPU_RUN Pin=*1-82
Added Pin To Net: NetName=Input1 Pin=*1-84
Added Pin To Net: NetName=Input2 Pin=*1-85
Added Pin To Net: NetName=TXD2 Pin=*1-86
Added Pin To Net: NetName=RXD2 Pin=*1-87
Added Pin To Net: NetName=Input3 Pin=*1-88
Added Pin To Net: NetName=SCLK Pin=*1-92
Added Pin To Net: NetName=SDA Pin=*1-93
Added Pin To Net: NetName=Net*1_94 Pin=*1-94
Added Pin To Net: NetName=EE_WP Pin=*1-95
Added Pin To Net: NetName=CTRL_JSF Pin=*1-97
Added Pin To Net: NetName=CTRL_PSF Pin=*1-98
Added Pin To Net: NetName=DGND Pin=*1-99
Added Pin To Net: NetName=+3.3V Pin=*1-100
Add Net: Net with name "IN_L" already exists
Add Net: Net with name "IN_N" already exists
Add Class: Class already exists: Designator
Add Class: Class already exists: Designator
Added Member To Class: ClassName=main Member=Component *1 Other
Added Room: Name=b1
Added Room: Name=b2
Added Room: Name=b3
Added Room: Name=c1
Added Room: Name=c2
Added Room: Name=c3
Added Room: Name=d1
Added Room: Name=d2
Added Room: Name=d3
Added Room: Name=d4
Added Room: Name=d5
Added Room: Name=Designator1
Added Room: Name=Designator2
Added Room: Name=Designator3
Added Room: Name=Designator4
Added Room: Name=Designator5
Added Room: Name=Designator
Added Room: Name=Designator
Added Room: Name=Designator
Added Room: Name=main
