Change Component Footprint: Designator=P14 Old Footprint=2P New Footprint=2PPPPP
Change component parameters: Designator = "P14" ("P14"); Footprint = "2P"; UniqueID = "\YJRMWWGL" ("\YJRMWWGL")
Change component parameters (AddParameter): Name = "ComponentLink1Description"; Value = "New link"; VariantName = "[No Variations]"
Change component parameters (AddParameter): Name = "ComponentLink1URL"; Value = ""; VariantName = "[No Variations]"
Change component parameters (AddParameter): Name = "LatestRevisionDate"; Value = "17-Jul-2002"; VariantName = "[No Variations]"
Change component parameters (AddParameter): Name = "LatestRevisionNote"; Value = "Re-released for DXP Platform."; VariantName = "[No Variations]"
Change component parameters (AddParameter): Name = "Publisher"; Value = "Altium Limited"; VariantName = "[No Variations]"
Add Class: Class already exists: Designator
Add Class: Class already exists: Designator
Add Class: Class already exists: Designator
Add Class: Class already exists: Designator
Added Room: Name=a1
Added Room: Name=a2
Added Room: Name=b1
Added Room: Name=b2
Added Room: Name=b3
Added Room: Name=c1
Added Room: Name=c2
Added Room: Name=c3
Added Room: Name=d1
Added Room: Name=d2
Added Room: Name=d3
Added Room: Name=d4
Added Room: Name=d5
Added Room: Name=Designator1
Added Room: Name=Designator2
Added Room: Name=Designator3
Added Room: Name=Designator4
Added Room: Name=Designator5
Added Room: Name=Designator
Added Room: Name=Designator
Added Room: Name=Designator
Added Room: Name=Designator
Added Room: Name=Designator
Added Room: Name=main
