Added Pin To Net: NetName=-5VSS Pin=IC9-4
Add Class: Class already exists: Designator
Add Class: Class already exists: Designator
Add Class: Class already exists: Designator
Add Class: Class already exists: Designator
Added Class: Name=In_put 
Added Member To Class: ClassName=Designator1 Member=Component TP_1
Added Room: Name=c3
Added Room: Name=d1
Added Room: Name=d2
Added Room: Name=d3
Added Room: Name=d4
Added Room: Name=d5
Added Room: Name=Designator1
Added Room: Name=Designator2
Added Room: Name=Designator3
Added Room: Name=Designator4
Added Room: Name=Designator5
Added Room: Name=Designator
Added Room: Name=Designator
Added Room: Name=Designator
Added Room: Name=Designator
Added Room: Name=Designator
Added Room: Name=main
