Removed Pin From Net: NetName=+24V Pin=P1-1
Removed Pin From Net: NetName=AGND Pin=P1-2
Removed Pin From Net: NetName=PT_A1 Pin=P1-3
Removed Pin From Net: NetName=PT_B1 Pin=P1-4
Removed Pin From Net: NetName=PT_A2 Pin=P1-5
Removed Pin From Net: NetName=PT_B2 Pin=P1-6
Removed Pin From Net: NetName=PT_A3 Pin=P1-7
Removed Pin From Net: NetName=PT_B3 Pin=P1-8
Removed Pin From Net: NetName=ADC_Sense Pin=P1-9
Removed Pin From Net: NetName=Hum_Sense Pin=P1-10
Change Component Footprint: Designator=P1 Old Footprint=CONN-TH-KF7.62-10P New Footprint=CONN-TH-KF7.62-8p
Change Component Comment : Designator=P1 Old Comment=Header 10 New Comment=Header 8
Added Pin To Net: NetName=PT_A1 Pin=P1-1
Added Pin To Net: NetName=PT_B1 Pin=P1-2
Added Pin To Net: NetName=PT_A2 Pin=P1-3
Added Pin To Net: NetName=PT_B2 Pin=P1-4
Added Pin To Net: NetName=PT_A3 Pin=P1-5
Added Pin To Net: NetName=PT_B3 Pin=P1-6
Added Pin To Net: NetName=ADC_Sense Pin=P1-7
Added Pin To Net: NetName=Hum_Sense Pin=P1-8
