Added Component: Designator=P11(CONN-TH_KF7.62-3p)
Add component (AddParameter): Name = "LatestRevisionDate"; Value = "17-Jul-2002"; VariantName = "[No Variations]"
Add component (AddParameter): Name = "LatestRevisionNote"; Value = "Re-released for DXP Platform."; VariantName = "[No Variations]"
Add component (AddParameter): Name = "Publisher"; Value = "Altium Limited"; VariantName = "[No Variations]"
Added Pin To Net: NetName=RS485_A Pin=P11-1
Added Pin To Net: NetName=RS485_B Pin=P11-2
Added Pin To Net: NetName=IO_RESET Pin=P11-3
Add Class: Class already exists: Designator
Add Class: Class already exists: Designator
Add Class: Class already exists: Designator
Add Class: Class already exists: Designator
Added Member To Class: ClassName=Designator5 Member=Component P11 Header 3
Added Room: Name=a1
Added Room: Name=a2
Added Room: Name=b1
Added Room: Name=b2
Added Room: Name=b3
Added Room: Name=c1
Added Room: Name=c2
Added Room: Name=c3
Added Room: Name=d1
Added Room: Name=d2
Added Room: Name=d3
Added Room: Name=d4
Added Room: Name=d5
Added Room: Name=Designator1
Added Room: Name=Designator2
Added Room: Name=Designator3
Added Room: Name=Designator4
Added Room: Name=Designator5
Added Room: Name=Designator
Added Room: Name=Designator
Added Room: Name=Designator
Added Room: Name=Designator
Added Room: Name=Designator
Added Room: Name=main
