Removed Pin From Net: NetName=COMA Pin=P2-1
Removed Pin From Net: NetName=CONA1 Pin=P2-2
Removed Pin From Net: NetName=CONA2 Pin=P2-3
Removed Pin From Net: NetName=COMB Pin=P2-4
Removed Pin From Net: NetName=CONB1 Pin=P2-5
Removed Pin From Net: NetName=CONB2 Pin=P2-6
Removed Pin From Net: NetName=NetD6_1 Pin=P13-1
Removed Pin From Net: NetName=AGND Pin=P13-2
Added Component: Designator=P?(CONN-TH-KF7.62-8p)
Add component (AddParameter): Name = "LatestRevisionDate"; Value = "17-Jul-2002"; VariantName = "[No Variations]"
Add component (AddParameter): Name = "LatestRevisionNote"; Value = "Re-released for DXP Platform."; VariantName = "[No Variations]"
Add component (AddParameter): Name = "Publisher"; Value = "Altium Limited"; VariantName = "[No Variations]"
Added Pin To Net: NetName=+24VDD Pin=P13-1
Added Pin To Net: NetName=CGND Pin=P13-2
Added Pin To Net: NetName=COMA Pin=P?-1
Added Pin To Net: NetName=CONA1 Pin=P?-2
Added Pin To Net: NetName=CONA2 Pin=P?-3
Added Pin To Net: NetName=COMB Pin=P?-4
Added Pin To Net: NetName=CONB1 Pin=P?-5
Added Pin To Net: NetName=CONB2 Pin=P?-6
Add Class: Class already exists: Designator
Add Class: Class already exists: Designator
Add Class: Class already exists: Designator
Add Class: Class already exists: Designator
Added Class: Name=In_put 
Added Member To Class: ClassName=Designator1 Member=Component C24 0.33uF
