Removed Pin From Net: NetName=+24V Pin=1-1
Removed Pin From Net: NetName=+24V Pin=C23-1
Removed Pin From Net: NetName=+24V Pin=D7-2
Removed Pin From Net: NetName=+24V Pin=D16-2
Removed Pin From Net: NetName=+24V Pin=IC6-3
Removed Pin From Net: NetName=+24V Pin=P1-1
Removed Pin From Net: NetName=+24V Pin=P4-13
Removed Pin From Net: NetName=+24V Pin=P6-2
Removed Pin From Net: NetName=+24V Pin=R7-2
Removed Pin From Net: NetName=+24V Pin=R30_d1-1
Removed Pin From Net: NetName=+24V Pin=R30_d2-1
Removed Pin From Net: NetName=+24V Pin=R30_d3-1
Removed Pin From Net: NetName=+24V Pin=R30_d4-1
Removed Pin From Net: NetName=+24V Pin=R30_d5-1
Removed Pin From Net: NetName=+24V Pin=R81-2
Removed Pin From Net: NetName=+24V Pin=R83-1
Removed Pin From Net: NetName=+24V Pin=U4-4
Added Component: Designator=P13(2P)
Add component (AddParameter): Name = "LatestRevisionDate"; Value = "17-Jul-2002"; VariantName = "[No Variations]"
Add component (AddParameter): Name = "LatestRevisionNote"; Value = "Re-released for DXP Platform."; VariantName = "[No Variations]"
Add component (AddParameter): Name = "Publisher"; Value = "Altium Limited"; VariantName = "[No Variations]"
Added Pin To Net: NetName=+24V Pin=B2-1
Added Pin To Net: NetName=+24V Pin=C22-1
Added Pin To Net: NetName=+24V Pin=E8-1
Added Pin To Net: NetName=NetD6_1 Pin=P13-1
Added Pin To Net: NetName=AGND Pin=P13-2
Added Pin To Net: NetName=+24V Pin=TP_1-1
Change Net Name : Old Net Name=+24V New Net Name=+24VDD
Added Pin To Net: NetName=+24V Pin=1-1
Added Pin To Net: NetName=+24V Pin=C23-1
Added Pin To Net: NetName=+24V Pin=D7-2
Added Pin To Net: NetName=+24V Pin=D16-2
Added Pin To Net: NetName=+24V Pin=IC6-3
Added Pin To Net: NetName=+24V Pin=P1-1
Added Pin To Net: NetName=+24V Pin=P4-13
Added Pin To Net: NetName=+24V Pin=P6-2
Added Pin To Net: NetName=+24V Pin=R7-2
Added Pin To Net: NetName=+24V Pin=R30_d1-1
Added Pin To Net: NetName=+24V Pin=R30_d2-1
Added Pin To Net: NetName=+24V Pin=R30_d3-1
Added Pin To Net: NetName=+24V Pin=R30_d4-1
Added Pin To Net: NetName=+24V Pin=R30_d5-1
Added Pin To Net: NetName=+24V Pin=R81-2
Added Pin To Net: NetName=+24V Pin=R83-1
Added Pin To Net: NetName=+24V Pin=U4-4
Added Net: Name=+24V
Add Class: Class already exists: Designator
Add Class: Class already exists: Designator
Add Class: Class already exists: Designator
Add Class: Class already exists: Designator
Added Member To Class: ClassName=Designator1 Member=Component P13 Header 2
