Removed Pin From Net: NetName=CTRL_RelayA1 Pin=IC12-1
Removed Pin From Net: NetName=CTRL_RelayA2 Pin=IC12-2
Removed Pin From Net: NetName=CTRL_RelayB1 Pin=IC12-3
Removed Pin From Net: NetName=CTRL_DRLOCK Pin=IC12-5
Removed Pin From Net: NetName=CTRL_YSJ Pin=IC12-6
Removed Pin From Net: NetName=CTRL_FS Pin=IC12-7
Removed Pin From Net: NetName=FS Pin=IC12-10
Removed Pin From Net: NetName=YSJ Pin=IC12-11
Removed Pin From Net: NetName=OUT_DRLOCK Pin=IC12-12
Removed Pin From Net: NetName=RelayB1 Pin=IC12-14
Removed Pin From Net: NetName=RelayA2 Pin=IC12-15
Removed Pin From Net: NetName=RelayA1 Pin=IC12-16
Added Pin To Net: NetName=CTRL_YSJ Pin=IC12-1
Added Pin To Net: NetName=CTRL_DRLOCK Pin=IC12-2
Added Pin To Net: NetName=CTRL_FS Pin=IC12-3
Added Pin To Net: NetName=CTRL_RelayB1 Pin=IC12-5
Added Pin To Net: NetName=CTRL_RelayA2 Pin=IC12-6
Added Pin To Net: NetName=CTRL_RelayA1 Pin=IC12-7
Added Pin To Net: NetName=RelayA1 Pin=IC12-10
Added Pin To Net: NetName=RelayA2 Pin=IC12-11
Added Pin To Net: NetName=RelayB1 Pin=IC12-12
Added Pin To Net: NetName=FS Pin=IC12-14
Added Pin To Net: NetName=OUT_DRLOCK Pin=IC12-15
Added Pin To Net: NetName=YSJ Pin=IC12-16
