Change Component Designator: Old Designator=C? New Designator=C48
Change Component Designator: Old Designator=C? New Designator=C52
Change Component Designator: Old Designator=C? New Designator=C53
Change Component Designator: Old Designator=C? New Designator=C54
Change Component Designator: Old Designator=C? New Designator=C55
Change Component Designator: Old Designator=D? New Designator=D13
Change Component Designator: Old Designator=D? New Designator=D17
Change Component Designator: Old Designator=D? New Designator=D18
Change Component Designator: Old Designator=D? New Designator=D19
Change Component Designator: Old Designator=D? New Designator=D20
Change Component Designator: Old Designator=D? New Designator=D21
Change Component Designator: Old Designator=IC? New Designator=IC14
Change Component Designator: Old Designator=IC? New Designator=IC18
Change Component Designator: Old Designator=IC? New Designator=IC19
Change Component Designator: Old Designator=IC? New Designator=IC20
Change Component Designator: Old Designator=IC? New Designator=IC21
Change Component Designator: Old Designator=IC? New Designator=IC22
Change Component Designator: Old Designator=P? New Designator=P13
Change Component Designator: Old Designator=P? New Designator=P17
Change Component Designator: Old Designator=P? New Designator=P18
Change Component Designator: Old Designator=P? New Designator=P19
Change Component Designator: Old Designator=Q? New Designator=Q3
Change Component Designator: Old Designator=R? New Designator=R54
Change Component Designator: Old Designator=R? New Designator=R55
Change Component Designator: Old Designator=R? New Designator=R58
Change Component Designator: Old Designator=R? New Designator=R60
Change Component Designator: Old Designator=R? New Designator=R62
Change Component Designator: Old Designator=R? New Designator=R74
Change Component Designator: Old Designator=R? New Designator=R75
Change Component Designator: Old Designator=R? New Designator=R76
Change Component Designator: Old Designator=R? New Designator=R77
Change Component Designator: Old Designator=R? New Designator=R78
Change Component Designator: Old Designator=R? New Designator=R79
Change Component Designator: Old Designator=R? New Designator=R80
Change Component Designator: Old Designator=R? New Designator=R81
Change Component Designator: Old Designator=R? New Designator=R82
Change Component Designator: Old Designator=R? New Designator=R83
Change Component Designator: Old Designator=R? New Designator=R84
Change Component Designator: Old Designator=R? New Designator=R85
Change Component Designator: Old Designator=R? New Designator=R86
Change Component Designator: Old Designator=R? New Designator=R87
Change Component Designator: Old Designator=R? New Designator=R88
Change Component Designator: Old Designator=R? New Designator=R89
Change Component Designator: Old Designator=R? New Designator=R90
Change Component Designator: Old Designator=R? New Designator=R91
Change Component Designator: Old Designator=R? New Designator=R92
Change Component Designator: Old Designator=R? New Designator=R93
Change Component Designator: Old Designator=T? New Designator=T3
Change Component Designator: Old Designator=T? New Designator=T7
Change Component Designator: Old Designator=T? New Designator=T8
Change Component Designator: Old Designator=T? New Designator=T9
